<?xml version="1.0" encoding="UTF-8"?>
<!-- Generated by org.testng.reporters.JUnitReportReporter -->
<testsuite skipped="0" hostname="ankur.mangal.com" name="com.qainfotech.com.testNG.AppTest" tests="1" failures="0" timestamp="2019-02-06T16:46:46 IST" time="0.012" errors="0">
  <testcase name="TestExample" time="0.012" classname="com.qainfotech.com.testNG.AppTest"/>
</testsuite> <!-- com.qainfotech.com.testNG.AppTest -->
